======= Version 12-06-2015 ======================================= **KM** ====

        Program WOMBAT: Estimates of covariance components
==============================================================================

 Random genetic groups fitted implicitly using Astar from nadiv             

 Analysis type          :   "UNI"
 Data file              :   "../ggTutorial.d"
 Parameter file         :   "ggNadivAstarRan.par"
  
 No. of traits          =      1                     p
 No. of records         =   6000          6000
 No. of parameters      =      2
 Maximum log L          =         -4700.076
 -1/2 AIC & AICC        =         -4702.076         -4702.077
 -1/2 BIC               =         -4708.776    "Penalty factor" =   4.350
 Eigenvalues of AI matrix
     6290.24         872.066    

 Parameter estimates with approx. sampling erors
   1   CHOL Z 1 1             0.992774          0.198361E-01          
   2   CHOL A 1 1              1.03680          0.302028E-01          

 Convergence criteria for last 3 iterates
 Change in log likelihood    =    2.782364    0.002673    0.000000
 Change in parameter vector  =    0.021741    0.000750    0.000001
 Norm of gradient vector     =    191.0880      5.6558      0.0064
 Newton decrement            =     -5.4913     -0.0053     -0.0000

***** Estimates of residual covariances   ************************************
      Order of fit         =       1
 Covariance matrix
   1    0.98560    
 Matrix of correlations and variance ratios
   1      0.4783
 Covariances & correlations with approximate sampling errors
   1  COVS Z 1 1       0.985600       0.393856E-01   vrat     0.478   0.023

***** Estimates for RE  1   "id"   *******************************************
      No. of levels        =    6002
      Covariance structure =     GIN
      Order of fit         =       1
 Covariance matrix
   1     1.0750    
 Matrix of correlations and variance ratios
   1      0.5217
 Covariances & correlations with approximate sampling errors
   2  COVS A 1 1        1.07496       0.626286E-01   vrat     0.522   0.023

***** Estimates of phenotypic covariances  ***********************************
 Covariance matrix
   1     2.0606    
 Covariances & correlations with approximate sampling errors
   3  COVS T 1 1        2.06056       0.448647E-01
======== end of file ============================20-09-2016==========13:52====
